<?xml version="1.0" encoding="UTF-8"?>
<testsuite name="uk.tw.energy.service.MeterReadingServiceTest" tests="3" skipped="0" failures="0" errors="0" timestamp="2022-02-16T18:53:07" hostname="LAPTOP-HDPO3MDP" time="0.007">
  <properties/>
  <testcase name="givenReadingsShouldBeStoredInCorrectMeterId()" classname="uk.tw.energy.service.MeterReadingServiceTest" time="0.005"/>
  <testcase name="givenMeterIdThatDoesNotExistShouldReturnNull()" classname="uk.tw.energy.service.MeterReadingServiceTest" time="0.001"/>
  <testcase name="givenMeterReadingThatExistsShouldReturnMeterReadings()" classname="uk.tw.energy.service.MeterReadingServiceTest" time="0.001"/>
  <system-out><![CDATA[Optional[[uk.tw.energy.domain.ElectricityReading@71def8f8, uk.tw.energy.domain.ElectricityReading@383bfa16, uk.tw.energy.domain.ElectricityReading@4d465b11, uk.tw.energy.domain.ElectricityReading@53fdffa1, uk.tw.energy.domain.ElectricityReading@5562c41e, uk.tw.energy.domain.ElectricityReading@32ee6fee, uk.tw.energy.domain.ElectricityReading@4d0f2471, uk.tw.energy.domain.ElectricityReading@7133da86, uk.tw.energy.domain.ElectricityReading@3232a28a, uk.tw.energy.domain.ElectricityReading@73e22a3d, uk.tw.energy.domain.ElectricityReading@47faa49c, uk.tw.energy.domain.ElectricityReading@28f2a10f, uk.tw.energy.domain.ElectricityReading@f736069, uk.tw.energy.domain.ElectricityReading@6da21078, uk.tw.energy.domain.ElectricityReading@7fee8714, uk.tw.energy.domain.ElectricityReading@4229bb3f, uk.tw.energy.domain.ElectricityReading@56cdfb3b, uk.tw.energy.domain.ElectricityReading@2b91004a, uk.tw.energy.domain.ElectricityReading@20ccf40b, uk.tw.energy.domain.ElectricityReading@2fb3536e]]
]]></system-out>
  <system-err><![CDATA[]]></system-err>
</testsuite>
