<?xml version="1.0" encoding="UTF-8"?>
<testsuite name="uk.tw.energy.controller.MeterReadingControllerTest" tests="6" skipped="0" failures="0" errors="0" timestamp="2022-02-16T18:53:07" hostname="LAPTOP-HDPO3MDP" time="0.083">
  <properties/>
  <testcase name="givenEmptyMeterReadingShouldReturnErrorResponse()" classname="uk.tw.energy.controller.MeterReadingControllerTest" time="0.075"/>
  <testcase name="givenNoMeterIdIsSuppliedWhenStoringShouldReturnErrorResponse()" classname="uk.tw.energy.controller.MeterReadingControllerTest" time="0.001"/>
  <testcase name="givenMeterIdThatIsNotRecognisedShouldReturnNotFound()" classname="uk.tw.energy.controller.MeterReadingControllerTest" time="0.0"/>
  <testcase name="givenMeterReadingsAssociatedWithTheUserShouldStoreAssociatedWithUser()" classname="uk.tw.energy.controller.MeterReadingControllerTest" time="0.003"/>
  <testcase name="givenMultipleBatchesOfMeterReadingsShouldStore()" classname="uk.tw.energy.controller.MeterReadingControllerTest" time="0.001"/>
  <testcase name="givenNullReadingsAreSuppliedWhenStoringShouldReturnErrorResponse()" classname="uk.tw.energy.controller.MeterReadingControllerTest" time="0.001"/>
  <system-out><![CDATA[]]></system-out>
  <system-err><![CDATA[]]></system-err>
</testsuite>
