<?xml version="1.0" encoding="UTF-8"?>
<testsuite name="uk.tw.energy.domain.PricePlanTest" tests="4" skipped="0" failures="0" errors="0" timestamp="2022-02-16T18:53:07" hostname="LAPTOP-HDPO3MDP" time="0.011">
  <properties/>
  <testcase name="shouldReceiveMultipleExceptionalDateTimes()" classname="uk.tw.energy.domain.PricePlanTest" time="0.006"/>
  <testcase name="shouldReturnAnExceptionPriceGivenExceptionalDateTime()" classname="uk.tw.energy.domain.PricePlanTest" time="0.0"/>
  <testcase name="shouldReturnTheBasePriceGivenAnOrdinaryDateTime()" classname="uk.tw.energy.domain.PricePlanTest" time="0.001"/>
  <testcase name="shouldReturnTheEnergySupplierGivenInTheConstructor()" classname="uk.tw.energy.domain.PricePlanTest" time="0.003"/>
  <system-out><![CDATA[]]></system-out>
  <system-err><![CDATA[]]></system-err>
</testsuite>
